<?xml version="1.0" encoding="UTF-8"?>
<testsuite errors="0" failures="0" name="util_tests.PageViewEntryTest-20180326013525" skipped="0" tests="1" time="0.001" timestamp="2018-03-26T01:35:25">
	<testcase classname="util_tests.PageViewEntryTest" name="test__construct_pageview_entry" time="0.001" timestamp="2018-03-26T01:35:25"/>
	<system-out>
<![CDATA[]]>	</system-out>
	<system-err>
<![CDATA[]]>	</system-err>
</testsuite>
