<?xml version="1.0" encoding="UTF-8"?>
<testsuite errors="0" failures="0" name="util_tests.TimeIntervalGeneratorTest-20180326013525" skipped="0" tests="1" time="0.002" timestamp="2018-03-26T01:35:25">
	<testcase classname="util_tests.TimeIntervalGeneratorTest" name="test__filename_url_generator" time="0.002" timestamp="2018-03-26T01:35:25"/>
	<system-out>
<![CDATA[]]>	</system-out>
	<system-err>
<![CDATA[]]>	</system-err>
</testsuite>
